Watching for file changes with StatReloader
C:\Users\User\OneDrive\Documentos\U\2023\2do semestre\Desarrollo Web\CMED\autenticacion\views.py changed, reloading.
Watching for file changes with StatReloader
Bad Request: /autenticacion/login/
Method Not Allowed: /autenticacion/login/
Method Not Allowed: /autenticacion/login/
Method Not Allowed: /autenticacion/login/
Method Not Allowed: /autenticacion/login/
Method Not Allowed: /autenticacion/login/
Method Not Allowed: /autenticacion/login/
Method Not Allowed: /autenticacion/login/
Method Not Allowed: /autenticacion/login/
Method Not Allowed: /autenticacion/login/
Method Not Allowed: /autenticacion/login/
Method Not Allowed: /autenticacion/login/
Method Not Allowed: /autenticacion/login/
Method Not Allowed: /autenticacion/login/
Method Not Allowed: /autenticacion/login/
C:\Users\User\OneDrive\Documentos\U\2023\2do semestre\Desarrollo Web\CMED\autenticacion\views.py changed, reloading.
Watching for file changes with StatReloader
C:\Users\User\OneDrive\Documentos\U\2023\2do semestre\Desarrollo Web\CMED\autenticacion\views.py changed, reloading.
Watching for file changes with StatReloader
C:\Users\User\OneDrive\Documentos\U\2023\2do semestre\Desarrollo Web\CMED\CMED\settings.py changed, reloading.
Watching for file changes with StatReloader
C:\Users\User\OneDrive\Documentos\U\2023\2do semestre\Desarrollo Web\CMED\CMED\settings.py changed, reloading.
Watching for file changes with StatReloader
Method Not Allowed: /autenticacion/login/
C:\Users\User\OneDrive\Documentos\U\2023\2do semestre\Desarrollo Web\CMED\CMED\settings.py changed, reloading.
Watching for file changes with StatReloader
C:\Users\User\OneDrive\Documentos\U\2023\2do semestre\Desarrollo Web\CMED\CMED\settings.py changed, reloading.
